<?xml version="1.0" encoding="UTF-8"?>
<!-- Generated by org.testng.reporters.JUnitReportReporter -->
<testsuite hostname="sys-PC" name="pom.Control" tests="1" failures="0" timestamp="15 Sep 2015 11:43:00 GMT" time="11.558" errors="0">
  <testcase name="log" time="11.558" classname="pom.Control"/>
</testsuite> <!-- pom.Control -->
